MHV-Y	LH00407:157:235C5LLT3:3:2192:48584:17701	100.000	151	0	0	30983	31133	1	151	1.24e-69	279
MHV-Y	LH00407:157:235C5LLT3:3:2163:41456:16853	100.000	151	0	0	16292	16442	1	151	1.24e-69	279
MHV-Y	LH00407:157:235C5LLT3:3:2116:34208:23578	100.000	151	0	0	31311	31461	1	151	1.24e-69	279
MHV-Y	LH00407:157:235C5LLT3:3:2110:2368:15091	100.000	151	0	0	30484	30634	1	151	1.24e-69	279
MHV-Y	LH00407:157:235C5LLT3:3:2110:2378:15075	100.000	151	0	0	30484	30634	1	151	1.24e-69	279
MHV-Y	LH00407:157:235C5LLT3:3:1268:9210:8398	100.000	151	0	0	30818	30968	1	151	1.24e-69	279
MHV-Y	LH00407:157:235C5LLT3:3:1268:9191:8398	100.000	151	0	0	30818	30968	1	151	1.24e-69	279
MHV-Y	LH00407:157:235C5LLT3:3:1268:9200:8382	100.000	151	0	0	30818	30968	1	151	1.24e-69	279
MHV-Y	LH00407:157:235C5LLT3:3:1268:9191:8366	100.000	151	0	0	30818	30968	1	151	1.24e-69	279
MHV-Y	LH00407:157:235C5LLT3:3:1247:21321:6701	100.000	151	0	0	30757	30907	1	151	1.24e-69	279
MHV-Y	LH00407:157:235C5LLT3:3:1247:21311:6685	100.000	151	0	0	30757	30907	1	151	1.24e-69	279
MHV-Y	LH00407:157:235C5LLT3:3:1235:51043:16420	100.000	151	0	0	30803	30953	1	151	1.24e-69	279
MHV-Y	LH00407:157:235C5LLT3:3:1173:26877:26444	100.000	151	0	0	30766	30916	1	151	1.24e-69	279
MHV-Y	LH00407:157:235C5LLT3:3:1173:26858:26444	100.000	151	0	0	30766	30916	1	151	1.24e-69	279
MHV-Y	LH00407:157:235C5LLT3:3:1172:28707:28942	100.000	151	0	0	18469	18619	1	151	1.24e-69	279
MHV-Y	LH00407:157:235C5LLT3:3:1172:28735:28926	100.000	151	0	0	18469	18619	1	151	1.24e-69	279
MHV-Y	LH00407:157:235C5LLT3:2:2294:8831:27629	100.000	151	0	0	21159	21309	151	1	1.24e-69	279
MHV-Y	LH00407:157:235C5LLT3:2:2294:8840:27613	100.000	151	0	0	21159	21309	151	1	1.24e-69	279
MHV-Y	LH00407:157:235C5LLT3:2:2282:22901:12449	100.000	151	0	0	30679	30829	1	151	1.24e-69	279
MHV-Y	LH00407:157:235C5LLT3:2:2282:22892:12433	100.000	151	0	0	30679	30829	1	151	1.24e-69	279
MHV-Y	LH00407:157:235C5LLT3:2:2269:12529:29327	100.000	151	0	0	30693	30843	1	151	1.24e-69	279
MHV-Y	LH00407:157:235C5LLT3:2:2117:7656:11600	100.000	151	0	0	30843	30993	1	151	1.24e-69	279
MHV-Y	LH00407:157:235C5LLT3:2:2117:7647:11584	100.000	151	0	0	30843	30993	1	151	1.24e-69	279
MHV-Y	LH00407:157:235C5LLT3:2:2116:2248:8670	100.000	151	0	0	30843	30993	1	151	1.24e-69	279
MHV-Y	LH00407:157:235C5LLT3:2:1286:24408:15059	100.000	151	0	0	31291	31441	1	151	1.24e-69	279
MHV-Y	LH00407:157:235C5LLT3:2:1234:4365:6444	100.000	151	0	0	31062	31212	1	151	1.24e-69	279
MHV-Y	LH00407:157:235C5LLT3:2:1234:4347:6444	100.000	151	0	0	31062	31212	1	151	1.24e-69	279
MHV-Y	LH00407:157:235C5LLT3:2:1234:4374:6428	100.000	151	0	0	31062	31212	1	151	1.24e-69	279
MHV-Y	LH00407:157:235C5LLT3:2:1234:4356:6428	100.000	151	0	0	31062	31212	1	151	1.24e-69	279
MHV-Y	LH00407:157:235C5LLT3:2:1230:50017:5163	100.000	151	0	0	30636	30786	1	151	1.24e-69	279
MHV-Y	LH00407:157:235C5LLT3:2:1230:38507:4379	100.000	151	0	0	30747	30897	1	151	1.24e-69	279
MHV-Y	LH00407:157:235C5LLT3:2:1230:44747:1480	100.000	151	0	0	31000	31150	1	151	1.24e-69	279
MHV-Y	LH00407:157:235C5LLT3:2:1204:9099:15380	100.000	151	0	0	21159	21309	151	1	1.24e-69	279
MHV-Y	LH00407:157:235C5LLT3:2:1204:9080:15380	100.000	151	0	0	21159	21309	151	1	1.24e-69	279
MHV-Y	LH00407:157:235C5LLT3:2:1204:9062:15380	100.000	151	0	0	21159	21309	151	1	1.24e-69	279
MHV-Y	LH00407:157:235C5LLT3:2:1137:40504:20776	100.000	151	0	0	31005	31155	1	151	1.24e-69	279
MHV-Y	LH00407:157:235C5LLT3:1:2295:34790:2906	100.000	151	0	0	31042	31192	151	1	1.24e-69	279
MHV-Y	LH00407:157:235C5LLT3:1:2293:44451:26428	100.000	151	0	0	31057	31207	1	151	1.24e-69	279
MHV-Y	LH00407:157:235C5LLT3:1:2291:48131:17910	100.000	151	0	0	11270	11420	1	151	1.24e-69	279
MHV-Y	LH00407:157:235C5LLT3:1:2286:31028:17878	100.000	151	0	0	4037	4187	1	151	1.24e-69	279
MHV-Y	LH00407:157:235C5LLT3:1:2278:12510:10432	100.000	151	0	0	30775	30925	1	151	1.24e-69	279
MHV-Y	LH00407:157:235C5LLT3:1:2268:51099:16548	100.000	151	0	0	30714	30864	1	151	1.24e-69	279
MHV-Y	LH00407:157:235C5LLT3:1:2264:17974:23930	100.000	151	0	0	30575	30725	1	151	1.24e-69	279
MHV-Y	LH00407:157:235C5LLT3:1:2264:17955:23930	100.000	151	0	0	30575	30725	1	151	1.24e-69	279
MHV-Y	LH00407:157:235C5LLT3:1:2264:17937:23930	100.000	151	0	0	30575	30725	1	151	1.24e-69	279
MHV-Y	LH00407:157:235C5LLT3:1:2264:17965:23914	100.000	151	0	0	30575	30725	1	151	1.24e-69	279
MHV-Y	LH00407:157:235C5LLT3:1:2260:34365:5980	100.000	151	0	0	31015	31165	1	151	1.24e-69	279
MHV-Y	LH00407:157:235C5LLT3:1:2253:13277:12369	100.000	151	0	0	31018	31168	1	151	1.24e-69	279
MHV-Y	LH00407:157:235C5LLT3:1:2253:13287:12353	100.000	151	0	0	31018	31168	1	151	1.24e-69	279
MHV-Y	LH00407:157:235C5LLT3:1:2253:13268:12353	100.000	151	0	0	31018	31168	1	151	1.24e-69	279
MHV-Y	LH00407:157:235C5LLT3:1:2253:13277:12337	100.000	151	0	0	31018	31168	1	151	1.24e-69	279
MHV-Y	LH00407:157:235C5LLT3:1:2251:31472:20408	100.000	151	0	0	31100	31250	1	151	1.24e-69	279
MHV-Y	LH00407:157:235C5LLT3:1:2244:24113:7693	100.000	151	0	0	30850	31000	1	151	1.24e-69	279
MHV-Y	LH00407:157:235C5LLT3:1:2225:26701:12753	100.000	151	0	0	30628	30778	1	151	1.24e-69	279
MHV-Y	LH00407:157:235C5LLT3:1:2224:15302:19975	100.000	151	0	0	30703	30853	1	151	1.24e-69	279
MHV-Y	LH00407:157:235C5LLT3:1:2224:15293:19959	100.000	151	0	0	30703	30853	1	151	1.24e-69	279
MHV-Y	LH00407:157:235C5LLT3:1:2224:15274:19959	100.000	151	0	0	30703	30853	1	151	1.24e-69	279
MHV-Y	LH00407:157:235C5LLT3:1:2224:15256:19959	100.000	151	0	0	30703	30853	1	151	1.24e-69	279
MHV-Y	LH00407:157:235C5LLT3:1:2190:3912:8766	100.000	151	0	0	30827	30977	1	151	1.24e-69	279
MHV-Y	LH00407:157:235C5LLT3:1:2190:3921:8750	100.000	151	0	0	30827	30977	1	151	1.24e-69	279
MHV-Y	LH00407:157:235C5LLT3:1:2190:3903:8750	100.000	151	0	0	30827	30977	1	151	1.24e-69	279
MHV-Y	LH00407:157:235C5LLT3:1:2103:18455:15892	100.000	151	0	0	29898	30048	151	1	1.24e-69	279
MHV-Y	LH00407:157:235C5LLT3:1:2103:18482:15876	100.000	151	0	0	29898	30048	151	1	1.24e-69	279
MHV-Y	LH00407:157:235C5LLT3:1:2103:18464:15876	100.000	151	0	0	29898	30048	151	1	1.24e-69	279
MHV-Y	LH00407:157:235C5LLT3:1:2103:18445:15876	100.000	151	0	0	29898	30048	151	1	1.24e-69	279
MHV-Y	LH00407:157:235C5LLT3:1:2103:18473:15860	100.000	151	0	0	29898	30048	151	1	1.24e-69	279
MHV-Y	LH00407:157:235C5LLT3:1:1286:32433:14515	100.000	151	0	0	30626	30776	1	151	1.24e-69	279
MHV-Y	LH00407:157:235C5LLT3:1:1286:32461:14499	100.000	151	0	0	30626	30776	1	151	1.24e-69	279
MHV-Y	LH00407:157:235C5LLT3:1:1286:32442:14499	100.000	151	0	0	30626	30776	1	151	1.24e-69	279
MHV-Y	LH00407:157:235C5LLT3:1:1286:32405:14499	100.000	151	0	0	30626	30776	1	151	1.24e-69	279
MHV-Y	LH00407:157:235C5LLT3:1:1242:7629:25291	100.000	151	0	0	28471	28621	1	151	1.24e-69	279
MHV-Y	LH00407:157:235C5LLT3:1:1242:7610:25291	100.000	151	0	0	28471	28621	1	151	1.24e-69	279
MHV-Y	LH00407:157:235C5LLT3:1:1242:7638:25275	100.000	151	0	0	28471	28621	1	151	1.24e-69	279
MHV-Y	LH00407:157:235C5LLT3:1:1221:9265:22745	100.000	151	0	0	16316	16466	1	151	1.24e-69	279
MHV-Y	LH00407:157:235C5LLT3:1:1221:9274:22729	100.000	151	0	0	16316	16466	1	151	1.24e-69	279
MHV-Y	LH00407:157:235C5LLT3:1:1216:14904:3370	100.000	151	0	0	4037	4187	1	151	1.24e-69	279
MHV-Y	LH00407:157:235C5LLT3:1:1202:9986:12914	100.000	151	0	0	30710	30860	1	151	1.24e-69	279
MHV-Y	LH00407:157:235C5LLT3:1:1181:21968:28254	100.000	151	0	0	30976	31126	1	151	1.24e-69	279
MHV-Y	LH00407:157:235C5LLT3:1:1181:21949:28254	100.000	151	0	0	30976	31126	1	151	1.24e-69	279
MHV-Y	LH00407:157:235C5LLT3:1:1163:49582:4251	100.000	151	0	0	30761	30911	1	151	1.24e-69	279
MHV-Y	LH00407:157:235C5LLT3:1:1163:49592:4235	100.000	151	0	0	30761	30911	1	151	1.24e-69	279
MHV-Y	LH00407:157:235C5LLT3:1:1163:49582:4219	100.000	151	0	0	30761	30911	1	151	1.24e-69	279
MHV-Y	LH00407:157:235C5LLT3:1:1163:49573:4203	100.000	151	0	0	30761	30911	1	151	1.24e-69	279
MHV-Y	LH00407:157:235C5LLT3:1:1131:39552:14771	100.000	151	0	0	30761	30911	1	151	1.24e-69	279
MHV-Y	LH00407:157:235C5LLT3:1:1131:38535:11376	100.000	151	0	0	30761	30911	1	151	1.24e-69	279
MHV-Y	LH00407:157:235C5LLT3:1:1131:38516:11376	100.000	151	0	0	30761	30911	1	151	1.24e-69	279
MHV-Y	LH00407:157:235C5LLT3:2:2282:22911:12433	100.000	150	0	0	30679	30828	1	150	4.46e-69	278
MHV-Y	LH00407:157:235C5LLT3:1:2260:34356:5996	100.000	150	0	0	31015	31164	1	150	4.46e-69	278
MHV-Y	LH00407:157:235C5LLT3:3:2278:47419:2201	99.338	151	1	0	31244	31394	1	151	5.77e-68	274
MHV-Y	LH00407:157:235C5LLT3:3:2184:13638:22954	99.338	151	1	0	31227	31377	1	151	5.77e-68	274
MHV-Y	LH00407:157:235C5LLT3:3:2179:32470:22745	99.338	151	1	0	31218	31368	1	151	5.77e-68	274
MHV-Y	LH00407:157:235C5LLT3:3:2149:32183:17637	99.338	151	1	0	31141	31291	1	151	5.77e-68	274
MHV-Y	LH00407:157:235C5LLT3:3:2149:32165:17637	99.338	151	1	0	31141	31291	1	151	5.77e-68	274
MHV-Y	LH00407:157:235C5LLT3:3:2149:32146:17637	99.338	151	1	0	31141	31291	1	151	5.77e-68	274
MHV-Y	LH00407:157:235C5LLT3:3:2132:48861:22697	99.338	151	1	0	31129	31279	1	151	5.77e-68	274
MHV-Y	LH00407:157:235C5LLT3:3:2132:48852:22681	99.338	151	1	0	31129	31279	1	151	5.77e-68	274
MHV-Y	LH00407:157:235C5LLT3:3:1272:28707:16420	99.338	151	1	0	31200	31350	1	151	5.77e-68	274
MHV-Y	LH00407:157:235C5LLT3:3:1272:28717:16404	99.338	151	1	0	31200	31350	1	151	5.77e-68	274
MHV-Y	LH00407:157:235C5LLT3:3:1272:28698:16404	99.338	151	1	0	31200	31350	1	151	5.77e-68	274
MHV-Y	LH00407:157:235C5LLT3:3:1244:45136:29022	99.338	151	1	0	31213	31363	1	151	5.77e-68	274
MHV-Y	LH00407:157:235C5LLT3:3:1172:28717:28926	99.338	151	1	0	18469	18619	1	151	5.77e-68	274
MHV-Y	LH00407:157:235C5LLT3:2:2292:23280:21464	99.338	151	1	0	31226	31376	1	151	5.77e-68	274
MHV-Y	LH00407:157:235C5LLT3:2:2283:24205:27101	99.338	151	1	0	31266	31416	1	151	5.77e-68	274
MHV-Y	LH00407:157:235C5LLT3:2:2283:24186:27101	99.338	151	1	0	31266	31416	1	151	5.77e-68	274
MHV-Y	LH00407:157:235C5LLT3:2:2281:7573:2425	99.338	151	1	0	31187	31337	1	151	5.77e-68	274
MHV-Y	LH00407:157:235C5LLT3:2:2281:7582:2409	99.338	151	1	0	31187	31337	1	151	5.77e-68	274
MHV-Y	LH00407:157:235C5LLT3:2:2255:43148:26284	99.338	151	1	0	31150	31300	1	151	5.77e-68	274
MHV-Y	LH00407:157:235C5LLT3:2:2246:51163:14451	99.338	151	1	0	31138	31288	1	151	5.77e-68	274
MHV-Y	LH00407:157:235C5LLT3:2:2246:51145:14451	99.338	151	1	0	31138	31288	1	151	5.77e-68	274
MHV-Y	LH00407:157:235C5LLT3:2:2246:51154:14435	99.338	151	1	0	31138	31288	1	151	5.77e-68	274
MHV-Y	LH00407:157:235C5LLT3:2:2246:51136:14435	99.338	151	1	0	31138	31288	1	151	5.77e-68	274
MHV-Y	LH00407:157:235C5LLT3:2:2219:25379:12833	99.338	151	1	0	30562	30712	1	151	5.77e-68	274
MHV-Y	LH00407:157:235C5LLT3:2:2204:32239:6685	99.338	151	1	0	31155	31305	1	151	5.77e-68	274
MHV-Y	LH00407:157:235C5LLT3:2:2204:32220:6685	99.338	151	1	0	31155	31305	1	151	5.77e-68	274
MHV-Y	LH00407:157:235C5LLT3:2:1286:24418:15075	99.338	151	1	0	31291	31441	1	151	5.77e-68	274
MHV-Y	LH00407:157:235C5LLT3:2:1275:38757:21240	99.338	151	1	0	30949	31099	1	151	5.77e-68	274
MHV-Y	LH00407:157:235C5LLT3:2:1259:29965:20456	99.338	151	1	0	31257	31407	1	151	5.77e-68	274
MHV-Y	LH00407:157:235C5LLT3:2:1214:15755:3370	99.338	151	1	0	31138	31288	1	151	5.77e-68	274
MHV-Y	LH00407:157:235C5LLT3:2:1214:15764:3354	99.338	151	1	0	31138	31288	1	151	5.77e-68	274
MHV-Y	LH00407:157:235C5LLT3:2:1181:34661:11360	99.338	151	1	0	31256	31406	1	151	5.77e-68	274
MHV-Y	LH00407:157:235C5LLT3:2:1145:7814:12129	99.338	151	1	0	31186	31336	1	151	5.77e-68	274
MHV-Y	LH00407:157:235C5LLT3:2:1145:7804:12113	99.338	151	1	0	31186	31336	1	151	5.77e-68	274
MHV-Y	LH00407:157:235C5LLT3:2:1143:18667:2169	99.338	151	1	0	31257	31407	1	151	5.77e-68	274
MHV-Y	LH00407:157:235C5LLT3:2:1143:18658:2153	99.338	151	1	0	31257	31407	1	151	5.77e-68	274
MHV-Y	LH00407:157:235C5LLT3:2:1127:11521:2569	99.338	151	1	0	31023	31173	1	151	5.77e-68	274
MHV-Y	LH00407:157:235C5LLT3:2:1120:31527:15924	99.338	151	1	0	31134	31284	1	151	5.77e-68	274
MHV-Y	LH00407:157:235C5LLT3:2:1120:31536:15908	99.338	151	1	0	31134	31284	1	151	5.77e-68	274
MHV-Y	LH00407:157:235C5LLT3:2:1120:31518:15908	99.338	151	1	0	31134	31284	1	151	5.77e-68	274
MHV-Y	LH00407:157:235C5LLT3:2:1120:31545:15892	99.338	151	1	0	31134	31284	1	151	5.77e-68	274
MHV-Y	LH00407:157:235C5LLT3:2:1114:5105:5740	99.338	151	1	0	31197	31347	1	151	5.77e-68	274
MHV-Y	LH00407:157:235C5LLT3:1:2291:48122:17894	99.338	151	1	0	11270	11420	1	151	5.77e-68	274
MHV-Y	LH00407:157:235C5LLT3:1:2281:25545:25355	99.338	151	1	0	21027	21177	1	151	5.77e-68	274
MHV-Y	LH00407:157:235C5LLT3:1:2281:25536:25339	99.338	151	1	0	21027	21177	1	151	5.77e-68	274
MHV-Y	LH00407:157:235C5LLT3:1:2263:23863:10560	99.338	151	1	0	31215	31365	1	151	5.77e-68	274
MHV-Y	LH00407:157:235C5LLT3:1:2263:23854:10544	99.338	151	1	0	31215	31365	1	151	5.77e-68	274
MHV-Y	LH00407:157:235C5LLT3:1:2232:23086:12417	99.338	151	1	0	31227	31377	1	151	5.77e-68	274
MHV-Y	LH00407:157:235C5LLT3:1:2229:24464:10832	99.338	151	1	0	31133	31283	1	151	5.77e-68	274
MHV-Y	LH00407:157:235C5LLT3:1:2211:12621:22345	99.338	151	1	0	31190	31340	1	151	5.77e-68	274
MHV-Y	LH00407:157:235C5LLT3:1:2188:49194:22313	99.338	151	1	0	31167	31317	1	151	5.77e-68	274
MHV-Y	LH00407:157:235C5LLT3:1:2188:49185:22297	99.338	151	1	0	31167	31317	1	151	5.77e-68	274
MHV-Y	LH00407:157:235C5LLT3:1:2188:49194:22281	99.338	151	1	0	31167	31317	1	151	5.77e-68	274
MHV-Y	LH00407:157:235C5LLT3:1:2123:10911:1737	99.338	151	1	0	31197	31347	1	151	5.77e-68	274
MHV-Y	LH00407:157:235C5LLT3:1:2123:10901:1721	99.338	151	1	0	31197	31347	1	151	5.77e-68	274
MHV-Y	LH00407:157:235C5LLT3:1:1246:10356:26620	99.338	151	1	0	31248	31398	1	151	5.77e-68	274
MHV-Y	LH00407:157:235C5LLT3:1:1246:10347:26604	99.338	151	1	0	31248	31398	1	151	5.77e-68	274
MHV-Y	LH00407:157:235C5LLT3:1:1213:29835:24587	99.338	151	1	0	21029	21179	1	151	5.77e-68	274
MHV-Y	LH00407:157:235C5LLT3:1:1172:4042:17926	100.000	148	0	0	31125	31272	1	148	5.77e-68	274
MHV-Y	LH00407:157:235C5LLT3:1:1172:4023:17926	100.000	148	0	0	31125	31272	1	148	5.77e-68	274
MHV-Y	LH00407:157:235C5LLT3:1:1172:4014:17910	100.000	148	0	0	31125	31272	1	148	5.77e-68	274
MHV-Y	LH00407:157:235C5LLT3:1:1131:21191:26460	99.338	151	1	0	31155	31305	1	151	5.77e-68	274
MHV-Y	LH00407:157:235C5LLT3:1:1121:51663:13714	99.338	151	1	0	31234	31384	1	151	5.77e-68	274
MHV-Y	LH00407:157:235C5LLT3:3:2136:23761:1096	99.333	150	1	0	31217	31366	2	151	2.08e-67	272
MHV-Y	LH00407:157:235C5LLT3:2:1294:41410:4219	99.333	150	1	0	30768	30917	1	150	2.08e-67	272
MHV-Y	LH00407:157:235C5LLT3:3:2204:46837:2153	98.675	151	2	0	31185	31335	1	151	7.47e-67	270
MHV-Y	LH00407:157:235C5LLT3:3:2204:46846:2137	98.675	151	2	0	31185	31335	1	151	7.47e-67	270
MHV-Y	LH00407:157:235C5LLT3:3:2214:5123:21048	98.675	151	2	0	31194	31344	1	151	2.69e-66	268
MHV-Y	LH00407:157:235C5LLT3:3:2214:5105:21048	98.675	151	2	0	31194	31344	1	151	2.69e-66	268
MHV-Y	LH00407:157:235C5LLT3:3:2214:5133:21032	98.675	151	2	0	31194	31344	1	151	2.69e-66	268
MHV-Y	LH00407:157:235C5LLT3:3:2214:5114:21032	98.675	151	2	0	31194	31344	1	151	2.69e-66	268
MHV-Y	LH00407:157:235C5LLT3:3:2184:13629:22970	98.675	151	2	0	31227	31377	1	151	2.69e-66	268
MHV-Y	LH00407:157:235C5LLT3:3:2179:32461:22761	98.675	151	2	0	31218	31368	1	151	2.69e-66	268
MHV-Y	LH00407:157:235C5LLT3:3:2152:45718:14595	98.675	151	2	0	30800	30950	1	151	2.69e-66	268
MHV-Y	LH00407:157:235C5LLT3:2:2204:32230:6669	98.675	151	2	0	31155	31305	1	151	2.69e-66	268
MHV-Y	LH00407:157:235C5LLT3:2:1114:5096:5756	98.675	151	2	0	31197	31347	1	151	2.69e-66	268
MHV-Y	LH00407:157:235C5LLT3:1:2232:23105:12417	98.675	151	2	0	31227	31377	1	151	2.69e-66	268
MHV-Y	LH00407:157:235C5LLT3:1:2227:48436:6556	98.675	151	2	0	31244	31394	1	151	2.69e-66	268
MHV-Y	LH00407:157:235C5LLT3:1:2227:48418:6556	98.675	151	2	0	31244	31394	1	151	2.69e-66	268
MHV-Y	LH00407:157:235C5LLT3:1:2168:47012:25772	98.675	151	2	0	31147	31297	1	151	2.69e-66	268
MHV-Y	LH00407:157:235C5LLT3:1:2168:46994:25772	98.675	151	2	0	31147	31297	1	151	2.69e-66	268
MHV-Y	LH00407:157:235C5LLT3:1:1134:41946:5692	98.675	151	2	0	31064	31214	1	151	2.69e-66	268
MHV-Y	LH00407:157:235C5LLT3:3:2214:5123:21016	98.013	151	3	0	31194	31344	1	151	1.25e-64	263
MHV-Y	LH00407:157:235C5LLT3:3:1198:39367:2345	100.000	142	0	0	31320	31461	1	142	1.25e-64	263
MHV-Y	LH00407:157:235C5LLT3:3:1198:39348:2345	100.000	142	0	0	31320	31461	1	142	1.25e-64	263
MHV-Y	LH00407:157:235C5LLT3:2:2292:23290:21448	98.013	151	3	0	31226	31376	1	151	1.25e-64	263
MHV-Y	LH00407:157:235C5LLT3:1:1286:32424:14499	98.013	151	3	0	30626	30776	1	151	1.25e-64	263
MHV-Y	LH00407:157:235C5LLT3:2:1241:29761:23978	98.639	147	2	0	31152	31298	1	147	4.50e-64	261
MHV-Y	LH00407:157:235C5LLT3:3:1198:39358:2361	99.296	142	1	0	31320	31461	1	142	5.82e-63	257
MHV-Y	LH00407:157:235C5LLT3:1:2205:42926:22185	97.351	151	4	0	12734	12884	1	151	5.82e-63	257
MHV-Y	LH00407:157:235C5LLT3:2:1207:21450:25980	99.237	131	1	0	31187	31317	21	151	7.58e-57	237
MHV-Y	LH00407:157:235C5LLT3:2:1207:21450:25980	100.000	28	0	0	31062	31089	1	28	0.29	52.8
MHV-Y	LH00407:157:235C5LLT3:2:1207:21431:25980	99.237	131	1	0	31187	31317	21	151	7.58e-57	237
MHV-Y	LH00407:157:235C5LLT3:2:1207:21431:25980	100.000	28	0	0	31062	31089	1	28	0.29	52.8
MHV-Y	LH00407:157:235C5LLT3:2:1207:21413:25980	99.237	131	1	0	31187	31317	21	151	7.58e-57	237
MHV-Y	LH00407:157:235C5LLT3:2:1207:21413:25980	100.000	28	0	0	31062	31089	1	28	0.29	52.8
MHV-Y	LH00407:157:235C5LLT3:2:1207:21441:25964	99.237	131	1	0	31187	31317	21	151	7.58e-57	237
MHV-Y	LH00407:157:235C5LLT3:2:1207:21441:25964	100.000	28	0	0	31062	31089	1	28	0.29	52.8
MHV-Y	LH00407:157:235C5LLT3:1:1142:27626:28190	100.000	123	0	0	28435	28557	29	151	4.56e-54	228
MHV-Y	LH00407:157:235C5LLT3:3:2169:26960:19831	100.000	122	0	0	30917	31038	30	151	1.64e-53	226
MHV-Y	LH00407:157:235C5LLT3:3:1241:11188:8110	100.000	121	0	0	31030	31150	31	151	5.90e-53	224
MHV-Y	LH00407:157:235C5LLT3:3:1241:11170:8110	100.000	121	0	0	31030	31150	31	151	5.90e-53	224
MHV-Y	LH00407:157:235C5LLT3:3:1241:11197:8094	100.000	121	0	0	31030	31150	31	151	5.90e-53	224
MHV-Y	LH00407:157:235C5LLT3:3:1112:46846:5243	100.000	121	0	0	27860	27980	31	151	5.90e-53	224
MHV-Y	LH00407:157:235C5LLT3:1:2215:8803:15764	100.000	121	0	0	24676	24796	31	151	5.90e-53	224
MHV-Y	LH00407:157:235C5LLT3:1:2215:8794:15748	100.000	121	0	0	24676	24796	31	151	5.90e-53	224
MHV-Y	LH00407:157:235C5LLT3:1:2146:37268:10464	100.000	121	0	0	9769	9889	31	151	5.90e-53	224
MHV-Y	LH00407:157:235C5LLT3:1:1268:36399:9727	100.000	121	0	0	30987	31107	31	151	5.90e-53	224
MHV-Y	LH00407:157:235C5LLT3:1:2222:41696:24827	99.187	123	1	0	31232	31354	29	151	2.12e-52	222
MHV-Y	LH00407:157:235C5LLT3:1:2222:41706:24811	99.187	123	1	0	31232	31354	29	151	2.12e-52	222
MHV-Y	LH00407:157:235C5LLT3:1:1142:27635:28206	99.187	123	1	0	28435	28557	29	151	2.12e-52	222
MHV-Y	LH00407:157:235C5LLT3:2:1155:3126:16564	100.000	92	0	0	29086	29177	60	151	7.79e-37	171
MHV-Y	LH00407:157:235C5LLT3:2:1155:3126:16564	95.455	44	2	0	42	85	31	74	8.13e-07	71.3
MHV-Y	LH00407:157:235C5LLT3:2:1155:3136:16548	100.000	92	0	0	29086	29177	60	151	7.79e-37	171
MHV-Y	LH00407:157:235C5LLT3:2:1155:3136:16548	95.455	44	2	0	42	85	31	74	8.13e-07	71.3
MHV-Y	LH00407:157:235C5LLT3:3:1158:12584:4283	98.925	93	1	0	31369	31461	1	93	1.01e-35	167
MHV-Y	LH00407:157:235C5LLT3:1:1268:36418:9727	82.645	121	21	0	30987	31107	31	151	6.20e-18	108
MHV-Y	LH00407:157:235C5LLT3:3:2291:36612:13426	100.000	41	0	0	8328	8368	1	41	1.75e-08	76.8
