MHV-Y	LH00407:157:235C5LLT3:3:2260:7092:18758	100.000	151	0	0	2568	2718	1	151	1.40e-69	279
MHV-Y	LH00407:157:235C5LLT3:3:2260:7102:18742	100.000	151	0	0	2568	2718	1	151	1.40e-69	279
MHV-Y	LH00407:157:235C5LLT3:3:2260:7083:18742	100.000	151	0	0	2568	2718	1	151	1.40e-69	279
MHV-Y	LH00407:157:235C5LLT3:3:2246:10670:27197	100.000	151	0	0	30766	30916	1	151	1.40e-69	279
MHV-Y	LH00407:157:235C5LLT3:3:2246:10680:27181	100.000	151	0	0	30766	30916	1	151	1.40e-69	279
MHV-Y	LH00407:157:235C5LLT3:3:2170:39062:29263	100.000	151	0	0	3898	4048	1	151	1.40e-69	279
MHV-Y	LH00407:157:235C5LLT3:3:2170:39071:29247	100.000	151	0	0	3898	4048	1	151	1.40e-69	279
MHV-Y	LH00407:157:235C5LLT3:3:2170:39052:29247	100.000	151	0	0	3898	4048	1	151	1.40e-69	279
MHV-Y	LH00407:157:235C5LLT3:3:2170:39080:29231	100.000	151	0	0	3898	4048	1	151	1.40e-69	279
MHV-Y	LH00407:157:235C5LLT3:3:2170:39043:29231	100.000	151	0	0	3898	4048	1	151	1.40e-69	279
MHV-Y	LH00407:157:235C5LLT3:3:2170:39025:29231	100.000	151	0	0	3898	4048	1	151	1.40e-69	279
MHV-Y	LH00407:157:235C5LLT3:3:2170:39006:29231	100.000	151	0	0	3898	4048	1	151	1.40e-69	279
MHV-Y	LH00407:157:235C5LLT3:3:2170:39052:29215	100.000	151	0	0	3898	4048	1	151	1.40e-69	279
MHV-Y	LH00407:157:235C5LLT3:3:2170:39062:29199	100.000	151	0	0	3898	4048	1	151	1.40e-69	279
MHV-Y	LH00407:157:235C5LLT3:3:2170:39071:29183	100.000	151	0	0	3898	4048	1	151	1.40e-69	279
MHV-Y	LH00407:157:235C5LLT3:3:2155:44146:8862	100.000	151	0	0	30849	30999	151	1	1.40e-69	279
MHV-Y	LH00407:157:235C5LLT3:3:2155:44137:8846	100.000	151	0	0	30849	30999	151	1	1.40e-69	279
MHV-Y	LH00407:157:235C5LLT3:3:1266:37333:5900	100.000	151	0	0	31104	31254	1	151	1.40e-69	279
MHV-Y	LH00407:157:235C5LLT3:3:1216:30186:9183	100.000	151	0	0	3898	4048	1	151	1.40e-69	279
MHV-Y	LH00407:157:235C5LLT3:3:1216:30196:9167	100.000	151	0	0	3898	4048	1	151	1.40e-69	279
MHV-Y	LH00407:157:235C5LLT3:3:1190:48270:9086	100.000	151	0	0	27819	27969	1	151	1.40e-69	279
MHV-Y	LH00407:157:235C5LLT3:3:1141:4162:25275	100.000	151	0	0	27829	27979	1	151	1.40e-69	279
MHV-Y	LH00407:157:235C5LLT3:2:2261:19536:26476	100.000	151	0	0	31061	31211	1	151	1.40e-69	279
MHV-Y	LH00407:157:235C5LLT3:2:2261:19518:26476	100.000	151	0	0	31061	31211	1	151	1.40e-69	279
MHV-Y	LH00407:157:235C5LLT3:2:2236:7139:5067	100.000	151	0	0	31107	31257	1	151	1.40e-69	279
MHV-Y	LH00407:157:235C5LLT3:2:2226:9136:9455	100.000	151	0	0	30668	30818	1	151	1.40e-69	279
MHV-Y	LH00407:157:235C5LLT3:2:2214:26470:2681	100.000	151	0	0	31078	31228	1	151	1.40e-69	279
MHV-Y	LH00407:157:235C5LLT3:2:2188:2525:19783	100.000	151	0	0	31036	31186	1	151	1.40e-69	279
MHV-Y	LH00407:157:235C5LLT3:2:2188:2535:19767	100.000	151	0	0	31036	31186	1	151	1.40e-69	279
MHV-Y	LH00407:157:235C5LLT3:2:2188:2544:19751	100.000	151	0	0	31036	31186	1	151	1.40e-69	279
MHV-Y	LH00407:157:235C5LLT3:2:2183:25804:22377	100.000	151	0	0	15503	15653	151	1	1.40e-69	279
MHV-Y	LH00407:157:235C5LLT3:2:2164:48168:2697	100.000	151	0	0	5221	5371	1	151	1.40e-69	279
MHV-Y	LH00407:157:235C5LLT3:2:2160:48260:8174	100.000	151	0	0	5221	5371	1	151	1.40e-69	279
MHV-Y	LH00407:157:235C5LLT3:2:2149:29068:23034	100.000	151	0	0	30858	31008	1	151	1.40e-69	279
MHV-Y	LH00407:157:235C5LLT3:2:1280:31934:12625	100.000	151	0	0	30668	30818	1	151	1.40e-69	279
MHV-Y	LH00407:157:235C5LLT3:2:1275:22402:13858	100.000	151	0	0	30717	30867	1	151	1.40e-69	279
MHV-Y	LH00407:157:235C5LLT3:2:1275:22411:13842	100.000	151	0	0	30717	30867	1	151	1.40e-69	279
MHV-Y	LH00407:157:235C5LLT3:2:1249:36889:25756	100.000	151	0	0	31003	31153	1	151	1.40e-69	279
MHV-Y	LH00407:157:235C5LLT3:2:1145:3986:24139	100.000	151	0	0	1599	1749	1	151	1.40e-69	279
MHV-Y	LH00407:157:235C5LLT3:2:1145:3977:24122	100.000	151	0	0	1599	1749	1	151	1.40e-69	279
MHV-Y	LH00407:157:235C5LLT3:2:1114:50627:16084	100.000	151	0	0	30795	30945	1	151	1.40e-69	279
MHV-Y	LH00407:157:235C5LLT3:2:1114:50618:16068	100.000	151	0	0	30795	30945	1	151	1.40e-69	279
MHV-Y	LH00407:157:235C5LLT3:1:2286:14655:12962	100.000	151	0	0	9655	9805	1	151	1.40e-69	279
MHV-Y	LH00407:157:235C5LLT3:1:1293:7194:22425	100.000	151	0	0	18461	18611	1	151	1.40e-69	279
MHV-Y	LH00407:157:235C5LLT3:1:1293:7203:22409	100.000	151	0	0	18461	18611	1	151	1.40e-69	279
MHV-Y	LH00407:157:235C5LLT3:1:1293:7185:22409	100.000	151	0	0	18461	18611	1	151	1.40e-69	279
MHV-Y	LH00407:157:235C5LLT3:1:1292:41872:17926	100.000	151	0	0	16506	16656	1	151	1.40e-69	279
MHV-Y	LH00407:157:235C5LLT3:1:1292:41881:17910	100.000	151	0	0	16506	16656	1	151	1.40e-69	279
MHV-Y	LH00407:157:235C5LLT3:1:1292:41863:17910	100.000	151	0	0	16506	16656	1	151	1.40e-69	279
MHV-Y	LH00407:157:235C5LLT3:1:1292:41891:17894	100.000	151	0	0	16506	16656	1	151	1.40e-69	279
MHV-Y	LH00407:157:235C5LLT3:1:1292:41854:17894	100.000	151	0	0	16506	16656	1	151	1.40e-69	279
MHV-Y	LH00407:157:235C5LLT3:1:1225:52005:28814	100.000	151	0	0	19959	20109	1	151	1.40e-69	279
MHV-Y	LH00407:157:235C5LLT3:1:1225:51986:28814	100.000	151	0	0	19959	20109	1	151	1.40e-69	279
MHV-Y	LH00407:157:235C5LLT3:1:1225:51995:28798	100.000	151	0	0	19959	20109	1	151	1.40e-69	279
MHV-Y	LH00407:157:235C5LLT3:1:1197:24547:19623	100.000	151	0	0	9739	9889	1	151	1.40e-69	279
MHV-Y	LH00407:157:235C5LLT3:1:1197:24538:19607	100.000	151	0	0	9739	9889	1	151	1.40e-69	279
MHV-Y	LH00407:157:235C5LLT3:1:1140:21265:27934	100.000	151	0	0	11822	11972	1	151	1.40e-69	279
MHV-Y	LH00407:157:235C5LLT3:1:1140:21256:27918	100.000	151	0	0	11822	11972	1	151	1.40e-69	279
MHV-Y	LH00407:157:235C5LLT3:1:1121:3080:26989	100.000	151	0	0	30738	30888	151	1	1.40e-69	279
MHV-Y	LH00407:157:235C5LLT3:1:1121:3089:26973	100.000	151	0	0	30738	30888	151	1	1.40e-69	279
MHV-Y	LH00407:157:235C5LLT3:1:1106:1703:9423	100.000	151	0	0	28468	28618	1	151	1.40e-69	279
MHV-Y	LH00407:157:235C5LLT3:3:1161:42704:6877	100.000	150	0	0	31312	31461	1	150	5.03e-69	278
MHV-Y	LH00407:157:235C5LLT3:3:2280:26877:4379	99.338	151	1	0	24659	24809	1	151	6.51e-68	274
MHV-Y	LH00407:157:235C5LLT3:3:2280:26858:4379	99.338	151	1	0	24659	24809	1	151	6.51e-68	274
MHV-Y	LH00407:157:235C5LLT3:3:2170:39034:29247	99.338	151	1	0	3898	4048	1	151	6.51e-68	274
MHV-Y	LH00407:157:235C5LLT3:3:2170:39034:29215	99.338	151	1	0	3898	4048	1	151	6.51e-68	274
MHV-Y	LH00407:157:235C5LLT3:3:1134:40485:27853	99.338	151	1	0	31262	31412	1	151	6.51e-68	274
MHV-Y	LH00407:157:235C5LLT3:3:1130:32082:7789	99.338	151	1	0	24659	24809	1	151	6.51e-68	274
MHV-Y	LH00407:157:235C5LLT3:3:1128:6279:20840	99.338	151	1	0	31193	31343	1	151	6.51e-68	274
MHV-Y	LH00407:157:235C5LLT3:3:1128:6260:20840	99.338	151	1	0	31193	31343	1	151	6.51e-68	274
MHV-Y	LH00407:157:235C5LLT3:3:1128:6288:20824	99.338	151	1	0	31193	31343	1	151	6.51e-68	274
MHV-Y	LH00407:157:235C5LLT3:2:2298:34966:15347	99.338	151	1	0	31223	31373	1	151	6.51e-68	274
MHV-Y	LH00407:157:235C5LLT3:2:2277:29613:21128	99.338	151	1	0	30963	31113	1	151	6.51e-68	274
MHV-Y	LH00407:157:235C5LLT3:2:2231:26396:21032	99.338	151	1	0	31175	31325	1	151	6.51e-68	274
MHV-Y	LH00407:157:235C5LLT3:2:2231:26387:21016	99.338	151	1	0	31175	31325	1	151	6.51e-68	274
MHV-Y	LH00407:157:235C5LLT3:2:1245:21995:23914	99.338	151	1	0	31256	31406	1	151	6.51e-68	274
MHV-Y	LH00407:157:235C5LLT3:3:2207:44451:14963	98.675	151	2	0	27829	27979	1	151	2.34e-67	272
MHV-Y	LH00407:157:235C5LLT3:3:2280:26849:4363	99.329	149	1	0	24659	24807	1	149	8.42e-67	270
MHV-Y	LH00407:157:235C5LLT3:3:2280:26840:4379	98.675	151	2	0	24659	24809	1	151	3.03e-66	268
MHV-Y	LH00407:157:235C5LLT3:1:1293:7213:22425	98.675	151	2	0	18461	18611	1	151	3.03e-66	268
MHV-Y	LH00407:157:235C5LLT3:2:2149:29077:23018	98.658	149	2	0	30858	31006	1	149	3.92e-65	265
MHV-Y	LH00407:157:235C5LLT3:2:1276:52106:6829	100.000	133	0	0	31320	31452	1	133	1.42e-59	246
MHV-Y	LH00407:157:235C5LLT3:3:1233:34162:27629	100.000	122	0	0	30820	30941	30	151	1.85e-53	226
MHV-Y	LH00407:157:235C5LLT3:3:1233:34171:27613	100.000	122	0	0	30820	30941	30	151	1.85e-53	226
MHV-Y	LH00407:157:235C5LLT3:2:2228:14128:6220	100.000	121	0	0	22638	22758	31	151	6.65e-53	224
MHV-Y	LH00407:157:235C5LLT3:2:2228:14137:6204	100.000	121	0	0	22638	22758	31	151	6.65e-53	224
MHV-Y	LH00407:157:235C5LLT3:2:2228:14119:6204	100.000	121	0	0	22638	22758	31	151	6.65e-53	224
MHV-Y	LH00407:157:235C5LLT3:2:2228:14100:6204	100.000	121	0	0	22638	22758	31	151	6.65e-53	224
MHV-Y	LH00407:157:235C5LLT3:2:2228:14146:6188	100.000	121	0	0	22638	22758	31	151	6.65e-53	224
MHV-Y	LH00407:157:235C5LLT3:1:2208:49120:16484	98.990	99	1	0	8070	8168	29	127	5.25e-39	178
MHV-Y	LH00407:157:235C5LLT3:3:2293:22790:5371	91.589	107	9	0	30835	30941	45	151	4.12e-30	148
