MHV-Y	LH00407:157:235C5LLT3:3:2251:35863:26669	100.000	151	0	0	20196	20346	1	151	1.49e-69	279
MHV-Y	LH00407:157:235C5LLT3:3:2251:35891:26653	100.000	151	0	0	20196	20346	1	151	1.49e-69	279
MHV-Y	LH00407:157:235C5LLT3:3:2251:35872:26653	100.000	151	0	0	20196	20346	1	151	1.49e-69	279
MHV-Y	LH00407:157:235C5LLT3:3:2251:35854:26653	100.000	151	0	0	20196	20346	1	151	1.49e-69	279
MHV-Y	LH00407:157:235C5LLT3:3:2151:35216:27821	100.000	151	0	0	6084	6234	1	151	1.49e-69	279
MHV-Y	LH00407:157:235C5LLT3:3:2151:35243:27805	100.000	151	0	0	6084	6234	1	151	1.49e-69	279
MHV-Y	LH00407:157:235C5LLT3:3:2151:35225:27805	100.000	151	0	0	6084	6234	1	151	1.49e-69	279
MHV-Y	LH00407:157:235C5LLT3:3:2151:35234:27789	100.000	151	0	0	6084	6234	1	151	1.49e-69	279
MHV-Y	LH00407:157:235C5LLT3:3:1226:45801:21592	100.000	151	0	0	9738	9888	1	151	1.49e-69	279
MHV-Y	LH00407:157:235C5LLT3:3:1226:45783:21592	100.000	151	0	0	9738	9888	1	151	1.49e-69	279
MHV-Y	LH00407:157:235C5LLT3:2:1271:44054:7709	100.000	151	0	0	2867	3017	1	151	1.49e-69	279
MHV-Y	LH00407:157:235C5LLT3:2:1271:44063:7693	100.000	151	0	0	2867	3017	1	151	1.49e-69	279
MHV-Y	LH00407:157:235C5LLT3:2:1271:44091:7677	100.000	151	0	0	2867	3017	1	151	1.49e-69	279
MHV-Y	LH00407:157:235C5LLT3:2:1271:44072:7677	100.000	151	0	0	2867	3017	1	151	1.49e-69	279
MHV-Y	LH00407:157:235C5LLT3:2:1271:44063:7661	100.000	151	0	0	2867	3017	1	151	1.49e-69	279
MHV-Y	LH00407:157:235C5LLT3:2:1288:30917:22777	99.338	151	1	0	31154	31304	1	151	6.93e-68	274
MHV-Y	LH00407:157:235C5LLT3:2:1288:30926:22761	99.338	151	1	0	31154	31304	1	151	6.93e-68	274
MHV-Y	LH00407:157:235C5LLT3:2:1191:32239:23850	99.338	151	1	0	31199	31349	1	151	6.93e-68	274
MHV-Y	LH00407:157:235C5LLT3:2:1191:32230:23834	99.338	151	1	0	31199	31349	1	151	6.93e-68	274
MHV-Y	LH00407:157:235C5LLT3:1:2260:12732:12385	99.338	151	1	0	31183	31333	1	151	6.93e-68	274
MHV-Y	LH00407:157:235C5LLT3:1:2260:12741:12369	99.338	151	1	0	31183	31333	1	151	6.93e-68	274
MHV-Y	LH00407:157:235C5LLT3:1:2260:12723:12369	99.338	151	1	0	31183	31333	1	151	6.93e-68	274
MHV-Y	LH00407:157:235C5LLT3:1:2129:31619:28190	99.338	151	1	0	5829	5979	1	151	6.93e-68	274
MHV-Y	LH00407:157:235C5LLT3:2:2123:38886:15059	100.000	122	0	0	6058	6179	30	151	1.97e-53	226
MHV-Y	LH00407:157:235C5LLT3:2:2169:25481:1096	100.000	121	0	0	31122	31242	31	151	7.08e-53	224
MHV-Y	LH00407:157:235C5LLT3:2:2169:25490:1080	99.174	121	1	0	31122	31242	31	151	3.29e-51	219
